./sdriver.pl -t trace01.txt -s ./bsh -a "-p"
#
# trace01.txt - Run a foreground job.
#
bsh> quit

./sdriver.pl -t trace02.txt -s ./bsh -a "-p"
#
# trace02.txt - Run a background job.
#
bsh> ./myspin 1 &
[1] (550417) ./myspin 1 &

./sdriver.pl -t trace03.txt -s ./bsh -a "-p"
#
# trace03.txt - Process jobs builtin command.
#
bsh> ./myspin 2 &
[1] (550424) ./myspin 2 &
bsh> ./myspin 3 &
[2] (550426) ./myspin 3 &
bsh> jobs
[1] (550424) Running ./myspin 2 &
[2] (550426) Running ./myspin 3 &

./sdriver.pl -t trace04.txt -s ./bsh -a "-p"
#
# trace04.txt - Forward SIGINT to foreground job.
#
bsh> ./myspin 4
Job [1] (550450) terminated by signal 2

./sdriver.pl -t trace05.txt -s ./bsh -a "-p"
#
# trace05.txt - Forward SIGINT only to foreground job.
#
bsh> ./myspin 4 &
[1] (550457) ./myspin 4 &
bsh> ./myspin 5
Job [2] (550459) terminated by signal 2
bsh> jobs
[1] (550457) Running ./myspin 4 &

./sdriver.pl -t trace06.txt -s ./bsh -a "-p"
#
# trace06.txt - Forward SIGTSTP only to foreground job.
#
bsh> ./myspin 4 &
[1] (550475) ./myspin 4 &
bsh> ./myspin 5
Job [2] (550477) stopped by signal 20
bsh> jobs
[1] (550475) Running ./myspin 4 &
[2] (550477) Stopped ./myspin 5 

./sdriver.pl -t trace07.txt -s ./bsh -a "-p"
#
# trace07.txt - Process bg builtin command
#
bsh> ./myspin 4 &
[1] (550482) ./myspin 4 &
bsh> ./myspin 5
Job [2] (550484) stopped by signal 20
bsh> jobs
[1] (550482) Running ./myspin 4 &
[2] (550484) Stopped ./myspin 5 
bsh> bg %2
[2] (550484) ./myspin 5 
bsh> jobs
[1] (550482) Running ./myspin 4 &
[2] (550484) Running ./myspin 5 

./sdriver.pl -t trace08.txt -s ./bsh -a "-p"
#
# trace08.txt - Process fg builtin command. 
#
bsh> ./myspin 4 &
[1] (550528) ./myspin 4 &
bsh> fg %1
Job [1] (550528) stopped by signal 20
bsh> jobs
[1] (550528) Stopped ./myspin 4 &
bsh> fg %1
bsh> jobs

./sdriver.pl -t trace09.txt -s ./bsh -a "-p"
#
# trace09.txt - Forward SIGINT to every process in foreground process group
#
bsh> ./mysplit 4
Job [1] (550556) terminated by signal 2
bsh> ps w
    PID TTY      STAT   TIME COMMAND
 549332 pts/67   Ss     0:00 -bash
 550408 pts/67   S+     0:00 make bshrefout
 550409 pts/67   S+     0:00 /bin/sh -c make tests > bshref.out 2>&1
 550410 pts/67   S+     0:00 make tests
 550553 pts/67   S+     0:00 /usr/bin/perl ./sdriver.pl -t trace09.txt -s ./bsh -a -p
 550554 pts/67   S+     0:00 ./bsh -p
 550564 pts/67   R      0:00 /bin/ps w

./sdriver.pl -t trace10.txt -s ./bsh -a "-p"
#
# trace10.txt - Forward SIGTSTP to every process in foreground process group
#
bsh> ./mysplit 4
Job [1] (550568) stopped by signal 20
bsh> jobs
[1] (550568) Stopped ./mysplit 4 
bsh> ps w
    PID TTY      STAT   TIME COMMAND
 549332 pts/67   Ss     0:00 -bash
 550408 pts/67   S+     0:00 make bshrefout
 550409 pts/67   S+     0:00 /bin/sh -c make tests > bshref.out 2>&1
 550410 pts/67   S+     0:00 make tests
 550565 pts/67   S+     0:00 /usr/bin/perl ./sdriver.pl -t trace10.txt -s ./bsh -a -p
 550566 pts/67   S+     0:00 ./bsh -p
 550568 pts/67   T      0:00 ./mysplit 4
 550569 pts/67   T      0:00 ./mysplit 4
 550578 pts/67   R      0:00 /bin/ps w

./sdriver.pl -t trace11.txt -s ./bsh -a "-p"
#
# trace11.txt - Restart every stopped process in process group
#
bsh> ./mysplit 4
Job [1] (550582) stopped by signal 20
bsh> jobs
[1] (550582) Stopped ./mysplit 4 
bsh> ps w
    PID TTY      STAT   TIME COMMAND
 549332 pts/67   Ss     0:00 -bash
 550408 pts/67   S+     0:00 make bshrefout
 550409 pts/67   S+     0:00 /bin/sh -c make tests > bshref.out 2>&1
 550410 pts/67   S+     0:00 make tests
 550579 pts/67   S+     0:00 /usr/bin/perl ./sdriver.pl -t trace11.txt -s ./bsh -a -p
 550580 pts/67   S+     0:00 ./bsh -p
 550582 pts/67   T      0:00 ./mysplit 4
 550583 pts/67   T      0:00 ./mysplit 4
 550593 pts/67   R      0:00 /bin/ps w
bsh> fg %1
bsh> ps w
    PID TTY      STAT   TIME COMMAND
 549332 pts/67   Ss     0:00 -bash
 550408 pts/67   S+     0:00 make bshrefout
 550409 pts/67   S+     0:00 /bin/sh -c make tests > bshref.out 2>&1
 550410 pts/67   S+     0:00 make tests
 550579 pts/67   S+     0:00 /usr/bin/perl ./sdriver.pl -t trace11.txt -s ./bsh -a -p
 550580 pts/67   S+     0:00 ./bsh -p
 550626 pts/67   R      0:00 /bin/ps w

./sdriver.pl -t trace12.txt -s ./bsh -a "-p"
#
# trace12.txt - Simple error handling
#
bsh> ./bogus
./bogus: Command not found
bsh> ./myspin 4 &
[1] (550638) ./myspin 4 &
bsh> fg
fg command requires PID or %jobid argument
bsh> bg
bg command requires PID or %jobid argument
bsh> fg a
fg: argument must be a PID or %jobid
bsh> bg a
bg: argument must be a PID or %jobid
bsh> fg 9999999
(9999999): No such process
bsh> bg 9999999
(9999999): No such process
bsh> fg %2
%2: No such job
bsh> fg %1
Job [1] (550638) stopped by signal 20
bsh> bg %2
%2: No such job
bsh> bg %1
[1] (550638) ./myspin 4 &
bsh> jobs
[1] (550638) Running ./myspin 4 &

./sdriver.pl -t trace13.txt -s ./bsh -a "-p"
#
# trace13.txt - Putting it all together
#
bsh> ./bogus
./bogus: Command not found
bsh> ./myspin 10
Job [1] (550742) terminated by signal 2
bsh> ./myspin 3 &
[1] (550755) ./myspin 3 &
bsh> ./myspin 4 &
[2] (550757) ./myspin 4 &
bsh> jobs
[1] (550755) Running ./myspin 3 &
[2] (550757) Running ./myspin 4 &
bsh> fg %1
Job [1] (550755) stopped by signal 20
bsh> jobs
[1] (550755) Stopped ./myspin 3 &
[2] (550757) Running ./myspin 4 &
bsh> bg %3
%3: No such job
bsh> bg %1
[1] (550755) ./myspin 3 &
bsh> jobs
[1] (550755) Running ./myspin 3 &
[2] (550757) Running ./myspin 4 &
bsh> fg %1
bsh> quit

./sdriver.pl -t trace14.txt -s ./bsh -a "-p"
#
# trace14.txt - Tests whether the shell can handle SIGTSTP and SIGINT
#     signals that come from other processes instead of the terminal.
#
bsh> ./mystop 2
Job [1] (550803) stopped by signal 20
bsh> jobs
[1] (550803) Stopped ./mystop 2
bsh> ./myint 2
Job [2] (550821) terminated by signal 2
